<?xml version="1.0" encoding="UTF-8"?>
<!-- Generated by org.testng.reporters.JUnitReportReporter -->
<testsuite hostname="DESKTOP-PCVCUV3" failures="0" tests="1" name="properties_file.Property" time="0.017" errors="0" timestamp="2023-08-31T16:51:41 IST" skipped="0">
  <testcase classname="properties_file.Property" name="test2" time="0.017"/>
</testsuite> <!-- properties_file.Property -->
