<?xml version="1.0" encoding="UTF-8"?>
<!-- Generated by org.testng.reporters.JUnitReportReporter -->
<testsuite hostname="DESKTOP-PCVCUV3" failures="0" tests="1" name="reporting_tools.Extent_report" time="1.924" errors="0" timestamp="2023-08-30T10:01:22 IST" skipped="0">
  <testcase classname="reporting_tools.Extent_report" name="report" time="1.924"/>
</testsuite> <!-- reporting_tools.Extent_report -->
