<?xml version="1.0" encoding="UTF-8"?>
<!-- Generated by org.testng.reporters.JUnitReportReporter -->
<testsuite hostname="DESKTOP-PCVCUV3" failures="0" tests="1" name="reporting_tools.Log4j" time="0.113" errors="0" timestamp="2023-08-30T11:17:55 IST" skipped="0">
  <testcase classname="reporting_tools.Log4j" name="console" time="0.113"/>
</testsuite> <!-- reporting_tools.Log4j -->
