<?xml version="1.0" encoding="UTF-8"?>
<!-- Generated by org.testng.reporters.JUnitReportReporter -->
<testsuite hostname="DESKTOP-PCVCUV3" failures="0" tests="2" name="groups_testng.Runner_groups" time="0.016" errors="0" timestamp="2023-08-31T16:30:27 IST" skipped="0">
  <testcase classname="groups_testng.Runner_groups" name="group2" time="0.013"/>
  <testcase classname="groups_testng.Runner_groups" name="group3" time="0.003"/>
</testsuite> <!-- groups_testng.Runner_groups -->
